<?xml version="1.0" encoding="UTF-8"?>
<testsuites tests="1" failures="0" errors="0" skipped="0">
  <testsuite name="My Login application" timestamp="2025-03-22T13:52:59" time="4.754" tests="1" failures="0" errors="0" skipped="0">
    <properties>
      <property name="specId" value="0"/>
      <property name="suiteName" value="My Login application"/>
      <property name="capabilities" value="chrome.134_0_6998_118.windows"/>
      <property name="file" value="file:///C:/Users/white/WebstormProjects/my-wdio-framework/test/specs/test.e2e.js"/>
    </properties>
    <testcase classname="chrome.134_0_6998_118.windows.My_Login_application" name="should login with valid credentials" time="4.732">
      <system-out><![CDATA[
COMMAND: POST /session/2816cc89434ce12daba9824116006b73/element/f.799E61D6D079F55D5426D30E4AF602BA.d.AF6305AC108FE54901A82A191707BC9C.e.107/clear - {}
RESULT: {}
COMMAND: POST /session/2816cc89434ce12daba9824116006b73/element/f.799E61D6D079F55D5426D30E4AF602BA.d.AF6305AC108FE54901A82A191707BC9C.e.107/value - {"text":"tomsmith"}
RESULT: {"text":"tomsmith"}
COMMAND: POST /session/2816cc89434ce12daba9824116006b73/element/f.799E61D6D079F55D5426D30E4AF602BA.d.AF6305AC108FE54901A82A191707BC9C.e.112/clear - {}
RESULT: {}
COMMAND: POST /session/2816cc89434ce12daba9824116006b73/element/f.799E61D6D079F55D5426D30E4AF602BA.d.AF6305AC108FE54901A82A191707BC9C.e.112/value - {"text":"SuperSecretPassword!"}
RESULT: {"text":"SuperSecretPassword!"}
COMMAND: POST /session/2816cc89434ce12daba9824116006b73/element/f.799E61D6D079F55D5426D30E4AF602BA.d.AF6305AC108FE54901A82A191707BC9C.e.114/click - {}
RESULT: {}
COMMAND: GET /session/2816cc89434ce12daba9824116006b73/element/f.799E61D6D079F55D5426D30E4AF602BA.d.27C8420B29140A7AA0CCEC970F16A9CC.e.199/text - {}
RESULT: {}
COMMAND: DELETE /session/2816cc89434ce12daba9824116006b73 - {}
RESULT: {}
]]></system-out>
    </testcase>
  </testsuite>
</testsuites>