<?xml version="1.0" encoding="UTF-8"?>
<testsuites tests="1" failures="0" errors="0" skipped="0">
  <testsuite name="My Login application" timestamp="2025-03-22T13:53:07" time="4.474" tests="1" failures="0" errors="0" skipped="0">
    <properties>
      <property name="specId" value="0"/>
      <property name="suiteName" value="My Login application"/>
      <property name="capabilities" value="firefox.136_0_2.windows"/>
      <property name="file" value="file:///C:/Users/white/WebstormProjects/my-wdio-framework/test/specs/test.e2e.js"/>
    </properties>
    <testcase classname="firefox.136_0_2.windows.My_Login_application" name="should login with valid credentials" time="4.458">
      <system-out><![CDATA[
COMMAND: POST /session/306dce0f-c8ca-4056-9d72-d625d8777ac4/element/e2beb548-b956-4401-b7c7-7b11c5c44e56/clear - {}
RESULT: {}
COMMAND: POST /session/306dce0f-c8ca-4056-9d72-d625d8777ac4/element/e2beb548-b956-4401-b7c7-7b11c5c44e56/value - {"text":"tomsmith"}
RESULT: {"text":"tomsmith"}
COMMAND: POST /session/306dce0f-c8ca-4056-9d72-d625d8777ac4/element/1aa9a76f-5b82-4cab-aa73-cf10acd87c9a/clear - {}
RESULT: {}
COMMAND: POST /session/306dce0f-c8ca-4056-9d72-d625d8777ac4/element/1aa9a76f-5b82-4cab-aa73-cf10acd87c9a/value - {"text":"SuperSecretPassword!"}
RESULT: {"text":"SuperSecretPassword!"}
COMMAND: POST /session/306dce0f-c8ca-4056-9d72-d625d8777ac4/element/fde55a81-79a3-4723-bd9c-81b2d6f2d82b/click - {}
RESULT: {}
COMMAND: GET /session/306dce0f-c8ca-4056-9d72-d625d8777ac4/element/f7ec4c33-8923-4f09-829d-17ffdd7f09a0/text - {}
RESULT: {}
COMMAND: DELETE /session/306dce0f-c8ca-4056-9d72-d625d8777ac4 - {}
RESULT: {}
]]></system-out>
    </testcase>
  </testsuite>
</testsuites>